c:\users\mihail\source\repos\theatermanager\theatermanager\debug\vc141.pdb
c:\users\mihail\source\repos\theatermanager\theatermanager\debug\performancesinfoform.obj
c:\users\mihail\source\repos\theatermanager\theatermanager\debug\performances.obj
c:\users\mihail\source\repos\theatermanager\theatermanager\debug\performanceinfoeditform.obj
c:\users\mihail\source\repos\theatermanager\theatermanager\debug\performanceinfo.obj
c:\users\mihail\source\repos\theatermanager\theatermanager\debug\performanceeditform.obj
c:\users\mihail\source\repos\theatermanager\theatermanager\debug\performancecomparers.obj
c:\users\mihail\source\repos\theatermanager\theatermanager\debug\performancecollection.obj
c:\users\mihail\source\repos\theatermanager\theatermanager\debug\performance.obj
c:\users\mihail\source\repos\theatermanager\theatermanager\debug\.netframework,version=v4.6.1.assemblyattributes.obj
c:\users\mihail\source\repos\theatermanager\theatermanager\debug\.netframework,version=v4.6.1.assemblyattributes.asm
c:\users\mihail\source\repos\theatermanager\theatermanager\debug\myform.obj
c:\users\mihail\source\repos\theatermanager\theatermanager\debug\reportform.obj
c:\users\mihail\source\repos\theatermanager\debug\theatermanager.exe
c:\users\mihail\source\repos\theatermanager\debug\theatermanager.pdb
c:\users\mihail\source\repos\theatermanager\theatermanager\debug\theatermanager.myform.resources
c:\users\mihail\source\repos\theatermanager\theatermanager\debug\theatermanager.performanceeditform.resources
c:\users\mihail\source\repos\theatermanager\theatermanager\debug\theatermanager.performanceinfoeditform.resources
c:\users\mihail\source\repos\theatermanager\theatermanager\debug\theatermanager.performancesinfoform.resources
c:\users\mihail\source\repos\theatermanager\theatermanager\debug\theatermanager.reportform.resources
c:\users\mihail\source\repos\theatermanager\theatermanager\debug\theatermanager.vcxproj.generateresource.cache
c:\users\mihail\source\repos\theatermanager\theatermanager\debug\theatermanager.vcxprojassemblyreference.cache
c:\users\mihail\source\repos\theatermanager\theatermanager\debug\theatermanager.tlog\cl.command.1.tlog
c:\users\mihail\source\repos\theatermanager\theatermanager\debug\theatermanager.tlog\cl.read.1.tlog
c:\users\mihail\source\repos\theatermanager\theatermanager\debug\theatermanager.tlog\cl.write.1.tlog
c:\users\mihail\source\repos\theatermanager\theatermanager\debug\theatermanager.tlog\link.command.1.tlog
c:\users\mihail\source\repos\theatermanager\theatermanager\debug\theatermanager.tlog\link.read.1.tlog
c:\users\mihail\source\repos\theatermanager\theatermanager\debug\theatermanager.tlog\link.write.1.tlog
c:\users\mihail\source\repos\theatermanager\theatermanager\debug\theatermanager.tlog\metagen.read.1.tlog
c:\users\mihail\source\repos\theatermanager\theatermanager\debug\theatermanager.tlog\metagen.write.1.tlog
c:\users\mihail\source\repos\theatermanager\theatermanager\debug\theatermanager.tlog\theatermanager.write.1u.tlog
c:\users\mihail\source\repos\theatermanager\theatermanager\debug\theatermanager.tlog\tzres.dll.bi
